<?xml version="1.0" encoding="UTF-8"?>
<coverage generated="1653139565341" clover="3.2.0">
  <project timestamp="1653139565341" name="All files">
    <metrics statements="79" coveredstatements="18" conditionals="32" coveredconditionals="2" methods="19" coveredmethods="3" elements="130" coveredelements="23" complexity="0" loc="79" ncloc="79" packages="4" files="6" classes="6"/>
    <package name="src">
      <metrics statements="1" coveredstatements="1" conditionals="0" coveredconditionals="0" methods="0" coveredmethods="0"/>
      <file name="firebase.js" path="/Users/murtadha/Library/Mobile Documents/com~apple~CloudDocs/Murtadha/SKOLAN/KTH2020 Ingenjör /KTH Högskoleingenjörsdatateknik, Kista/År 2/II1302Projekt och projektmetoder/Morse-Mate/II1302/murtadha/homepage/src/firebase.js">
        <metrics statements="1" coveredstatements="1" conditionals="0" coveredconditionals="0" methods="0" coveredmethods="0"/>
        <line num="3" count="1" type="stmt"/>
      </file>
    </package>
    <package name="src.backend.Model">
      <metrics statements="34" coveredstatements="3" conditionals="18" coveredconditionals="0" methods="9" coveredmethods="1"/>
      <file name="MessageHandler.js" path="/Users/murtadha/Library/Mobile Documents/com~apple~CloudDocs/Murtadha/SKOLAN/KTH2020 Ingenjör /KTH Högskoleingenjörsdatateknik, Kista/År 2/II1302Projekt och projektmetoder/Morse-Mate/II1302/murtadha/homepage/src/backend/Model/MessageHandler.js">
        <metrics statements="34" coveredstatements="3" conditionals="18" coveredconditionals="0" methods="9" coveredmethods="1"/>
        <line num="11" count="2" type="stmt"/>
        <line num="12" count="2" type="stmt"/>
        <line num="13" count="2" type="stmt"/>
        <line num="14" count="0" type="cond" truecount="0" falsecount="2"/>
        <line num="15" count="0" type="cond" truecount="0" falsecount="2"/>
        <line num="16" count="0" type="cond" truecount="0" falsecount="2"/>
        <line num="21" count="0" type="stmt"/>
        <line num="27" count="0" type="stmt"/>
        <line num="32" count="0" type="stmt"/>
        <line num="33" count="0" type="stmt"/>
        <line num="37" count="0" type="stmt"/>
        <line num="38" count="0" type="cond" truecount="0" falsecount="2"/>
        <line num="39" count="0" type="cond" truecount="0" falsecount="2"/>
        <line num="40" count="0" type="cond" truecount="0" falsecount="2"/>
        <line num="41" count="0" type="stmt"/>
        <line num="43" count="0" type="stmt"/>
        <line num="47" count="0" type="stmt"/>
        <line num="48" count="0" type="stmt"/>
        <line num="49" count="0" type="stmt"/>
        <line num="50" count="0" type="stmt"/>
        <line num="58" count="0" type="cond" truecount="0" falsecount="2"/>
        <line num="59" count="0" type="stmt"/>
        <line num="60" count="0" type="stmt"/>
        <line num="63" count="0" type="stmt"/>
        <line num="64" count="0" type="stmt"/>
        <line num="68" count="0" type="stmt"/>
        <line num="69" count="0" type="stmt"/>
        <line num="76" count="0" type="stmt"/>
        <line num="77" count="0" type="stmt"/>
        <line num="87" count="0" type="cond" truecount="0" falsecount="2"/>
        <line num="88" count="0" type="cond" truecount="0" falsecount="2"/>
        <line num="89" count="0" type="stmt"/>
        <line num="91" count="0" type="stmt"/>
        <line num="93" count="0" type="stmt"/>
      </file>
    </package>
    <package name="src.backend.Utility">
      <metrics statements="23" coveredstatements="5" conditionals="6" coveredconditionals="0" methods="8" coveredmethods="0"/>
      <file name="MessageCheck.js" path="/Users/murtadha/Library/Mobile Documents/com~apple~CloudDocs/Murtadha/SKOLAN/KTH2020 Ingenjör /KTH Högskoleingenjörsdatateknik, Kista/År 2/II1302Projekt och projektmetoder/Morse-Mate/II1302/murtadha/homepage/src/backend/Utility/MessageCheck.js">
        <metrics statements="12" coveredstatements="2" conditionals="4" coveredconditionals="0" methods="4" coveredmethods="0"/>
        <line num="10" count="1" type="stmt"/>
        <line num="11" count="0" type="stmt"/>
        <line num="12" count="0" type="stmt"/>
        <line num="13" count="0" type="cond" truecount="0" falsecount="2"/>
        <line num="14" count="0" type="stmt"/>
        <line num="17" count="0" type="stmt"/>
        <line num="20" count="1" type="stmt"/>
        <line num="21" count="0" type="stmt"/>
        <line num="22" count="0" type="stmt"/>
        <line num="23" count="0" type="cond" truecount="0" falsecount="2"/>
        <line num="24" count="0" type="stmt"/>
        <line num="26" count="0" type="stmt"/>
      </file>
      <file name="MorseAlphabet.js" path="/Users/murtadha/Library/Mobile Documents/com~apple~CloudDocs/Murtadha/SKOLAN/KTH2020 Ingenjör /KTH Högskoleingenjörsdatateknik, Kista/År 2/II1302Projekt och projektmetoder/Morse-Mate/II1302/murtadha/homepage/src/backend/Utility/MorseAlphabet.js">
        <metrics statements="1" coveredstatements="1" conditionals="0" coveredconditionals="0" methods="0" coveredmethods="0"/>
        <line num="1" count="1" type="stmt"/>
      </file>
      <file name="MorseTranslator.js" path="/Users/murtadha/Library/Mobile Documents/com~apple~CloudDocs/Murtadha/SKOLAN/KTH2020 Ingenjör /KTH Högskoleingenjörsdatateknik, Kista/År 2/II1302Projekt och projektmetoder/Morse-Mate/II1302/murtadha/homepage/src/backend/Utility/MorseTranslator.js">
        <metrics statements="10" coveredstatements="2" conditionals="2" coveredconditionals="0" methods="4" coveredmethods="0"/>
        <line num="6" count="1" type="stmt"/>
        <line num="10" count="0" type="stmt"/>
        <line num="11" count="0" type="cond" truecount="0" falsecount="2"/>
        <line num="12" count="0" type="stmt"/>
        <line num="15" count="0" type="stmt"/>
        <line num="24" count="1" type="stmt"/>
        <line num="25" count="0" type="stmt"/>
        <line num="26" count="0" type="stmt"/>
        <line num="27" count="0" type="stmt"/>
        <line num="29" count="0" type="stmt"/>
      </file>
    </package>
    <package name="src.views">
      <metrics statements="21" coveredstatements="9" conditionals="8" coveredconditionals="2" methods="2" coveredmethods="2"/>
      <file name="HomeView.vue" path="/Users/murtadha/Library/Mobile Documents/com~apple~CloudDocs/Murtadha/SKOLAN/KTH2020 Ingenjör /KTH Högskoleingenjörsdatateknik, Kista/År 2/II1302Projekt och projektmetoder/Morse-Mate/II1302/murtadha/homepage/src/views/HomeView.vue">
        <metrics statements="21" coveredstatements="9" conditionals="8" coveredconditionals="2" methods="2" coveredmethods="2"/>
        <line num="89" count="1" type="stmt"/>
        <line num="90" count="1" type="stmt"/>
        <line num="92" count="1" type="stmt"/>
        <line num="94" count="2" type="stmt"/>
        <line num="105" count="1" type="cond" truecount="1" falsecount="1"/>
        <line num="106" count="0" type="stmt"/>
        <line num="107" count="0" type="stmt"/>
        <line num="110" count="1" type="cond" truecount="1" falsecount="1"/>
        <line num="111" count="1" type="stmt"/>
        <line num="112" count="1" type="stmt"/>
        <line num="113" count="1" type="stmt"/>
        <line num="116" count="0" type="cond" truecount="0" falsecount="2"/>
        <line num="117" count="0" type="stmt"/>
        <line num="118" count="0" type="stmt"/>
        <line num="119" count="0" type="stmt"/>
        <line num="122" count="0" type="stmt"/>
        <line num="123" count="0" type="cond" truecount="0" falsecount="2"/>
        <line num="124" count="0" type="stmt"/>
        <line num="125" count="0" type="stmt"/>
        <line num="128" count="0" type="stmt"/>
        <line num="129" count="0" type="stmt"/>
      </file>
    </package>
  </project>
</coverage>
