{"/Users/murtadha/Library/Mobile Documents/com~apple~CloudDocs/Murtadha/SKOLAN/KTH2020 Ingenjör /KTH Högskoleingenjörsdatateknik, Kista/År 2/II1302Projekt och projektmetoder/Morse-Mate/II1302/murtadha/homepage/src/firebase.js": {"path":"/Users/murtadha/Library/Mobile Documents/com~apple~CloudDocs/Murtadha/SKOLAN/KTH2020 Ingenjör /KTH Högskoleingenjörsdatateknik, Kista/År 2/II1302Projekt och projektmetoder/Morse-Mate/II1302/murtadha/homepage/src/firebase.js","statementMap":{"0":{"start":{"line":3,"column":19},"end":{"line":12,"column":2}}},"fnMap":{},"branchMap":{},"s":{"0":1},"f":{},"b":{},"_coverageSchema":"43e27e138ebf9cfc5966b082cf9a028302ed4184","hash":"d0be39bf9033c9c79cf78da93a46048ec09b215a"}
,"/Users/murtadha/Library/Mobile Documents/com~apple~CloudDocs/Murtadha/SKOLAN/KTH2020 Ingenjör /KTH Högskoleingenjörsdatateknik, Kista/År 2/II1302Projekt och projektmetoder/Morse-Mate/II1302/murtadha/homepage/src/backend/Model/MessageHandler.js": {"path":"/Users/murtadha/Library/Mobile Documents/com~apple~CloudDocs/Murtadha/SKOLAN/KTH2020 Ingenjör /KTH Högskoleingenjörsdatateknik, Kista/År 2/II1302Projekt och projektmetoder/Morse-Mate/II1302/murtadha/homepage/src/backend/Model/MessageHandler.js","statementMap":{"0":{"start":{"line":11,"column":19},"end":{"line":11,"column":32}},"1":{"start":{"line":12,"column":22},"end":{"line":12,"column":29}},"2":{"start":{"line":13,"column":8},"end":{"line":17,"column":14}},"3":{"start":{"line":14,"column":16},"end":{"line":14,"column":113}},"4":{"start":{"line":15,"column":16},"end":{"line":15,"column":128}},"5":{"start":{"line":16,"column":16},"end":{"line":16,"column":128}},"6":{"start":{"line":21,"column":25},"end":{"line":26,"column":9}},"7":{"start":{"line":27,"column":8},"end":{"line":27,"column":42}},"8":{"start":{"line":32,"column":8},"end":{"line":32,"column":32}},"9":{"start":{"line":33,"column":8},"end":{"line":33,"column":25}},"10":{"start":{"line":37,"column":19},"end":{"line":37,"column":29}},"11":{"start":{"line":38,"column":20},"end":{"line":38,"column":84}},"12":{"start":{"line":39,"column":22},"end":{"line":39,"column":92}},"13":{"start":{"line":40,"column":22},"end":{"line":40,"column":92}},"14":{"start":{"line":41,"column":19},"end":{"line":41,"column":56}},"15":{"start":{"line":43,"column":8},"end":{"line":43,"column":20}},"16":{"start":{"line":47,"column":8},"end":{"line":47,"column":29}},"17":{"start":{"line":48,"column":8},"end":{"line":48,"column":34}},"18":{"start":{"line":49,"column":8},"end":{"line":49,"column":34}},"19":{"start":{"line":50,"column":8},"end":{"line":50,"column":25}},"20":{"start":{"line":58,"column":8},"end":{"line":63,"column":35}},"21":{"start":{"line":59,"column":12},"end":{"line":59,"column":37}},"22":{"start":{"line":60,"column":12},"end":{"line":60,"column":36}},"23":{"start":{"line":63,"column":12},"end":{"line":63,"column":35}},"24":{"start":{"line":64,"column":8},"end":{"line":64,"column":25}},"25":{"start":{"line":68,"column":8},"end":{"line":68,"column":61}},"26":{"start":{"line":69,"column":8},"end":{"line":69,"column":61}},"27":{"start":{"line":76,"column":19},"end":{"line":76,"column":32}},"28":{"start":{"line":77,"column":8},"end":{"line":82,"column":11}},"29":{"start":{"line":87,"column":8},"end":{"line":87,"column":37}},"30":{"start":{"line":87,"column":20},"end":{"line":87,"column":35}},"31":{"start":{"line":88,"column":8},"end":{"line":91,"column":49}},"32":{"start":{"line":89,"column":29},"end":{"line":89,"column":94}},"33":{"start":{"line":91,"column":12},"end":{"line":91,"column":49}},"34":{"start":{"line":93,"column":8},"end":{"line":93,"column":26}}},"fnMap":{"0":{"name":"(anonymous_0)","decl":{"start":{"line":10,"column":4},"end":{"line":10,"column":5}},"loc":{"start":{"line":10,"column":18},"end":{"line":18,"column":5}},"line":10},"1":{"name":"(anonymous_1)","decl":{"start":{"line":13,"column":23},"end":{"line":13,"column":24}},"loc":{"start":{"line":13,"column":37},"end":{"line":17,"column":13}},"line":13},"2":{"name":"(anonymous_2)","decl":{"start":{"line":20,"column":4},"end":{"line":20,"column":5}},"loc":{"start":{"line":20,"column":30},"end":{"line":34,"column":5}},"line":20},"3":{"name":"(anonymous_3)","decl":{"start":{"line":36,"column":4},"end":{"line":36,"column":5}},"loc":{"start":{"line":36,"column":14},"end":{"line":44,"column":5}},"line":36},"4":{"name":"(anonymous_4)","decl":{"start":{"line":46,"column":4},"end":{"line":46,"column":5}},"loc":{"start":{"line":46,"column":23},"end":{"line":51,"column":5}},"line":46},"5":{"name":"(anonymous_5)","decl":{"start":{"line":57,"column":4},"end":{"line":57,"column":5}},"loc":{"start":{"line":57,"column":17},"end":{"line":65,"column":5}},"line":57},"6":{"name":"(anonymous_6)","decl":{"start":{"line":67,"column":4},"end":{"line":67,"column":5}},"loc":{"start":{"line":67,"column":23},"end":{"line":70,"column":5}},"line":67},"7":{"name":"(anonymous_7)","decl":{"start":{"line":75,"column":4},"end":{"line":75,"column":5}},"loc":{"start":{"line":75,"column":17},"end":{"line":83,"column":5}},"line":75},"8":{"name":"(anonymous_8)","decl":{"start":{"line":86,"column":4},"end":{"line":86,"column":5}},"loc":{"start":{"line":86,"column":20},"end":{"line":94,"column":5}},"line":86}},"branchMap":{"0":{"loc":{"start":{"line":14,"column":35},"end":{"line":14,"column":113}},"type":"cond-expr","locations":[{"start":{"line":14,"column":73},"end":{"line":14,"column":108}},{"start":{"line":14,"column":111},"end":{"line":14,"column":113}}],"line":14},"1":{"loc":{"start":{"line":15,"column":40},"end":{"line":15,"column":128}},"type":"cond-expr","locations":[{"start":{"line":15,"column":83},"end":{"line":15,"column":123}},{"start":{"line":15,"column":126},"end":{"line":15,"column":128}}],"line":15},"2":{"loc":{"start":{"line":16,"column":40},"end":{"line":16,"column":128}},"type":"cond-expr","locations":[{"start":{"line":16,"column":83},"end":{"line":16,"column":123}},{"start":{"line":16,"column":126},"end":{"line":16,"column":128}}],"line":16},"3":{"loc":{"start":{"line":38,"column":20},"end":{"line":38,"column":84}},"type":"cond-expr","locations":[{"start":{"line":38,"column":45},"end":{"line":38,"column":66}},{"start":{"line":38,"column":69},"end":{"line":38,"column":84}}],"line":38},"4":{"loc":{"start":{"line":39,"column":22},"end":{"line":39,"column":92}},"type":"cond-expr","locations":[{"start":{"line":39,"column":49},"end":{"line":39,"column":72}},{"start":{"line":39,"column":75},"end":{"line":39,"column":92}}],"line":39},"5":{"loc":{"start":{"line":40,"column":22},"end":{"line":40,"column":92}},"type":"cond-expr","locations":[{"start":{"line":40,"column":49},"end":{"line":40,"column":72}},{"start":{"line":40,"column":75},"end":{"line":40,"column":92}}],"line":40},"6":{"loc":{"start":{"line":58,"column":8},"end":{"line":63,"column":35}},"type":"if","locations":[{"start":{"line":58,"column":8},"end":{"line":63,"column":35}},{"start":{"line":58,"column":8},"end":{"line":63,"column":35}}],"line":58},"7":{"loc":{"start":{"line":87,"column":8},"end":{"line":87,"column":37}},"type":"if","locations":[{"start":{"line":87,"column":8},"end":{"line":87,"column":37}},{"start":{"line":87,"column":8},"end":{"line":87,"column":37}}],"line":87},"8":{"loc":{"start":{"line":88,"column":8},"end":{"line":91,"column":49}},"type":"if","locations":[{"start":{"line":88,"column":8},"end":{"line":91,"column":49}},{"start":{"line":88,"column":8},"end":{"line":91,"column":49}}],"line":88}},"s":{"0":2,"1":2,"2":2,"3":0,"4":0,"5":0,"6":0,"7":0,"8":0,"9":0,"10":0,"11":0,"12":0,"13":0,"14":0,"15":0,"16":0,"17":0,"18":0,"19":0,"20":0,"21":0,"22":0,"23":0,"24":0,"25":0,"26":0,"27":0,"28":0,"29":0,"30":0,"31":0,"32":0,"33":0,"34":0},"f":{"0":2,"1":0,"2":0,"3":0,"4":0,"5":0,"6":0,"7":0,"8":0},"b":{"0":[0,0],"1":[0,0],"2":[0,0],"3":[0,0],"4":[0,0],"5":[0,0],"6":[0,0],"7":[0,0],"8":[0,0]},"_coverageSchema":"43e27e138ebf9cfc5966b082cf9a028302ed4184","hash":"181fc5101fd706dc3462baf6c3b0e08221c40077"}
,"/Users/murtadha/Library/Mobile Documents/com~apple~CloudDocs/Murtadha/SKOLAN/KTH2020 Ingenjör /KTH Högskoleingenjörsdatateknik, Kista/År 2/II1302Projekt och projektmetoder/Morse-Mate/II1302/murtadha/homepage/src/backend/Utility/MessageCheck.js": {"path":"/Users/murtadha/Library/Mobile Documents/com~apple~CloudDocs/Murtadha/SKOLAN/KTH2020 Ingenjör /KTH Högskoleingenjörsdatateknik, Kista/År 2/II1302Projekt och projektmetoder/Morse-Mate/II1302/murtadha/homepage/src/backend/Utility/MessageCheck.js","statementMap":{"0":{"start":{"line":10,"column":29},"end":{"line":18,"column":1}},"1":{"start":{"line":11,"column":20},"end":{"line":11,"column":21}},"2":{"start":{"line":12,"column":4},"end":{"line":16,"column":6}},"3":{"start":{"line":13,"column":8},"end":{"line":15,"column":9}},"4":{"start":{"line":14,"column":12},"end":{"line":14,"column":27}},"5":{"start":{"line":17,"column":4},"end":{"line":17,"column":21}},"6":{"start":{"line":20,"column":17},"end":{"line":27,"column":1}},"7":{"start":{"line":21,"column":15},"end":{"line":21,"column":20}},"8":{"start":{"line":22,"column":4},"end":{"line":25,"column":6}},"9":{"start":{"line":23,"column":8},"end":{"line":24,"column":24}},"10":{"start":{"line":24,"column":12},"end":{"line":24,"column":24}},"11":{"start":{"line":26,"column":4},"end":{"line":26,"column":16}}},"fnMap":{"0":{"name":"(anonymous_0)","decl":{"start":{"line":10,"column":29},"end":{"line":10,"column":30}},"loc":{"start":{"line":10,"column":38},"end":{"line":18,"column":1}},"line":10},"1":{"name":"(anonymous_1)","decl":{"start":{"line":12,"column":28},"end":{"line":12,"column":29}},"loc":{"start":{"line":12,"column":36},"end":{"line":16,"column":5}},"line":12},"2":{"name":"(anonymous_2)","decl":{"start":{"line":20,"column":17},"end":{"line":20,"column":18}},"loc":{"start":{"line":20,"column":25},"end":{"line":27,"column":1}},"line":20},"3":{"name":"(anonymous_3)","decl":{"start":{"line":22,"column":26},"end":{"line":22,"column":27}},"loc":{"start":{"line":22,"column":31},"end":{"line":25,"column":5}},"line":22}},"branchMap":{"0":{"loc":{"start":{"line":13,"column":8},"end":{"line":15,"column":9}},"type":"if","locations":[{"start":{"line":13,"column":8},"end":{"line":15,"column":9}},{"start":{"line":13,"column":8},"end":{"line":15,"column":9}}],"line":13},"1":{"loc":{"start":{"line":23,"column":8},"end":{"line":24,"column":24}},"type":"if","locations":[{"start":{"line":23,"column":8},"end":{"line":24,"column":24}},{"start":{"line":23,"column":8},"end":{"line":24,"column":24}}],"line":23}},"s":{"0":1,"1":0,"2":0,"3":0,"4":0,"5":0,"6":1,"7":0,"8":0,"9":0,"10":0,"11":0},"f":{"0":0,"1":0,"2":0,"3":0},"b":{"0":[0,0],"1":[0,0]},"_coverageSchema":"43e27e138ebf9cfc5966b082cf9a028302ed4184","hash":"14da57b9eee5f0e83288f21f80a377691eae963f"}
,"/Users/murtadha/Library/Mobile Documents/com~apple~CloudDocs/Murtadha/SKOLAN/KTH2020 Ingenjör /KTH Högskoleingenjörsdatateknik, Kista/År 2/II1302Projekt och projektmetoder/Morse-Mate/II1302/murtadha/homepage/src/backend/Utility/MorseAlphabet.js": {"path":"/Users/murtadha/Library/Mobile Documents/com~apple~CloudDocs/Murtadha/SKOLAN/KTH2020 Ingenjör /KTH Högskoleingenjörsdatateknik, Kista/År 2/II1302Projekt och projektmetoder/Morse-Mate/II1302/murtadha/homepage/src/backend/Utility/MorseAlphabet.js","statementMap":{"0":{"start":{"line":1,"column":29},"end":{"line":55,"column":5}}},"fnMap":{},"branchMap":{},"s":{"0":1},"f":{},"b":{},"_coverageSchema":"43e27e138ebf9cfc5966b082cf9a028302ed4184","hash":"d07981904096e75c81f5683efd870d2cefe18a7f"}
,"/Users/murtadha/Library/Mobile Documents/com~apple~CloudDocs/Murtadha/SKOLAN/KTH2020 Ingenjör /KTH Högskoleingenjörsdatateknik, Kista/År 2/II1302Projekt och projektmetoder/Morse-Mate/II1302/murtadha/homepage/src/backend/Utility/MorseTranslator.js": {"path":"/Users/murtadha/Library/Mobile Documents/com~apple~CloudDocs/Murtadha/SKOLAN/KTH2020 Ingenjör /KTH Högskoleingenjörsdatateknik, Kista/År 2/II1302Projekt och projektmetoder/Morse-Mate/II1302/murtadha/homepage/src/backend/Utility/MorseTranslator.js","statementMap":{"0":{"start":{"line":6,"column":26},"end":{"line":16,"column":5}},"1":{"start":{"line":10,"column":8},"end":{"line":14,"column":10}},"2":{"start":{"line":11,"column":12},"end":{"line":13,"column":13}},"3":{"start":{"line":12,"column":16},"end":{"line":12,"column":35}},"4":{"start":{"line":15,"column":8},"end":{"line":15,"column":27}},"5":{"start":{"line":24,"column":35},"end":{"line":30,"column":5}},"6":{"start":{"line":25,"column":27},"end":{"line":25,"column":29}},"7":{"start":{"line":26,"column":8},"end":{"line":28,"column":10}},"8":{"start":{"line":27,"column":12},"end":{"line":27,"column":45}},"9":{"start":{"line":29,"column":8},"end":{"line":29,"column":28}}},"fnMap":{"0":{"name":"(anonymous_0)","decl":{"start":{"line":6,"column":26},"end":{"line":6,"column":27}},"loc":{"start":{"line":6,"column":38},"end":{"line":16,"column":5}},"line":6},"1":{"name":"(anonymous_1)","decl":{"start":{"line":10,"column":31},"end":{"line":10,"column":32}},"loc":{"start":{"line":10,"column":36},"end":{"line":14,"column":9}},"line":10},"2":{"name":"(anonymous_2)","decl":{"start":{"line":24,"column":35},"end":{"line":24,"column":36}},"loc":{"start":{"line":24,"column":48},"end":{"line":30,"column":5}},"line":24},"3":{"name":"(anonymous_3)","decl":{"start":{"line":26,"column":37},"end":{"line":26,"column":38}},"loc":{"start":{"line":26,"column":42},"end":{"line":28,"column":9}},"line":26}},"branchMap":{"0":{"loc":{"start":{"line":11,"column":12},"end":{"line":13,"column":13}},"type":"if","locations":[{"start":{"line":11,"column":12},"end":{"line":13,"column":13}},{"start":{"line":11,"column":12},"end":{"line":13,"column":13}}],"line":11}},"s":{"0":1,"1":0,"2":0,"3":0,"4":0,"5":1,"6":0,"7":0,"8":0,"9":0},"f":{"0":0,"1":0,"2":0,"3":0},"b":{"0":[0,0]},"_coverageSchema":"43e27e138ebf9cfc5966b082cf9a028302ed4184","hash":"9624b8e5c91572338fc69e39260a66b3c834dd1d"}
,"/Users/murtadha/Library/Mobile Documents/com~apple~CloudDocs/Murtadha/SKOLAN/KTH2020 Ingenjör /KTH Högskoleingenjörsdatateknik, Kista/År 2/II1302Projekt och projektmetoder/Morse-Mate/II1302/murtadha/homepage/src/views/HomeView.vue": {"path":"/Users/murtadha/Library/Mobile Documents/com~apple~CloudDocs/Murtadha/SKOLAN/KTH2020 Ingenjör /KTH Högskoleingenjörsdatateknik, Kista/År 2/II1302Projekt och projektmetoder/Morse-Mate/II1302/murtadha/homepage/src/views/HomeView.vue","statementMap":{"0":{"start":{"line":89,"column":0},"end":{"line":89,"column":null}},"1":{"start":{"line":90,"column":0},"end":{"line":90,"column":null}},"2":{"start":{"line":92,"column":15},"end":{"line":92,"column":null}},"3":{"start":{"line":94,"column":4},"end":{"line":94,"column":11}},"4":{"start":{"line":105,"column":6},"end":{"line":108,"column":null}},"5":{"start":{"line":106,"column":8},"end":{"line":106,"column":13}},"6":{"start":{"line":107,"column":8},"end":{"line":107,"column":15}},"7":{"start":{"line":110,"column":6},"end":{"line":114,"column":null}},"8":{"start":{"line":111,"column":8},"end":{"line":111,"column":13}},"9":{"start":{"line":112,"column":8},"end":{"line":112,"column":15}},"10":{"start":{"line":113,"column":8},"end":{"line":113,"column":null}},"11":{"start":{"line":116,"column":6},"end":{"line":120,"column":null}},"12":{"start":{"line":117,"column":8},"end":{"line":117,"column":13}},"13":{"start":{"line":118,"column":8},"end":{"line":118,"column":15}},"14":{"start":{"line":119,"column":8},"end":{"line":119,"column":null}},"15":{"start":{"line":122,"column":22},"end":{"line":122,"column":36}},"16":{"start":{"line":123,"column":6},"end":{"line":130,"column":null}},"17":{"start":{"line":124,"column":8},"end":{"line":124,"column":13}},"18":{"start":{"line":125,"column":8},"end":{"line":125,"column":13}},"19":{"start":{"line":128,"column":8},"end":{"line":128,"column":13}},"20":{"start":{"line":129,"column":8},"end":{"line":129,"column":15}}},"fnMap":{"0":{"name":"(anonymous_0)","decl":{"start":{"line":93,"column":2},"end":{"line":93,"column":6}},"loc":{"start":{"line":93,"column":9},"end":{"line":100,"column":null}}},"1":{"name":"(anonymous_1)","decl":{"start":{"line":104,"column":4},"end":{"line":104,"column":19}},"loc":{"start":{"line":104,"column":22},"end":{"line":131,"column":null}}}},"branchMap":{"0":{"loc":{"start":{"line":105,"column":6},"end":{"line":108,"column":null}},"type":"if","locations":[{"start":{"line":105,"column":6},"end":{"line":108,"column":null}},{"start":{"line":105,"column":6},"end":{"line":108,"column":null}}]},"1":{"loc":{"start":{"line":110,"column":6},"end":{"line":114,"column":null}},"type":"if","locations":[{"start":{"line":110,"column":6},"end":{"line":114,"column":null}},{"start":{"line":110,"column":6},"end":{"line":114,"column":null}}]},"2":{"loc":{"start":{"line":116,"column":6},"end":{"line":120,"column":null}},"type":"if","locations":[{"start":{"line":116,"column":6},"end":{"line":120,"column":null}},{"start":{"line":116,"column":6},"end":{"line":120,"column":null}}]},"3":{"loc":{"start":{"line":123,"column":6},"end":{"line":130,"column":null}},"type":"if","locations":[{"start":{"line":123,"column":6},"end":{"line":130,"column":null}},{"start":{"line":123,"column":6},"end":{"line":130,"column":null}}]}},"s":{"0":1,"1":1,"2":1,"3":2,"4":1,"5":0,"6":0,"7":1,"8":1,"9":1,"10":1,"11":0,"12":0,"13":0,"14":0,"15":0,"16":0,"17":0,"18":0,"19":0,"20":0},"f":{"0":2,"1":1},"b":{"0":[0,1],"1":[1,0],"2":[0,0],"3":[0,0]}}
}
