TN:
SF:/Users/murtadha/Library/Mobile Documents/com~apple~CloudDocs/Murtadha/SKOLAN/KTH2020 Ingenjör /KTH Högskoleingenjörsdatateknik, Kista/År 2/II1302Projekt och projektmetoder/Morse-Mate/II1302/homepage/src/firebase.js
FNF:0
FNH:0
DA:3,1
LF:1
LH:1
BRF:0
BRH:0
end_of_record
TN:
SF:/Users/murtadha/Library/Mobile Documents/com~apple~CloudDocs/Murtadha/SKOLAN/KTH2020 Ingenjör /KTH Högskoleingenjörsdatateknik, Kista/År 2/II1302Projekt och projektmetoder/Morse-Mate/II1302/homepage/src/assets/logo.png
FNF:0
FNH:0
DA:1,1
LF:1
LH:1
BRF:0
BRH:0
end_of_record
TN:
SF:/Users/murtadha/Library/Mobile Documents/com~apple~CloudDocs/Murtadha/SKOLAN/KTH2020 Ingenjör /KTH Högskoleingenjörsdatateknik, Kista/År 2/II1302Projekt och projektmetoder/Morse-Mate/II1302/homepage/src/backend/Model/MessageHandler.js
FN:10,(anonymous_0)
FN:13,(anonymous_1)
FN:20,(anonymous_2)
FN:36,(anonymous_3)
FN:46,(anonymous_4)
FN:57,(anonymous_5)
FN:67,(anonymous_6)
FN:75,(anonymous_7)
FN:86,(anonymous_8)
FNF:9
FNH:1
FNDA:2,(anonymous_0)
FNDA:0,(anonymous_1)
FNDA:0,(anonymous_2)
FNDA:0,(anonymous_3)
FNDA:0,(anonymous_4)
FNDA:0,(anonymous_5)
FNDA:0,(anonymous_6)
FNDA:0,(anonymous_7)
FNDA:0,(anonymous_8)
DA:11,2
DA:12,2
DA:13,2
DA:14,0
DA:15,0
DA:16,0
DA:21,0
DA:27,0
DA:32,0
DA:33,0
DA:37,0
DA:38,0
DA:39,0
DA:40,0
DA:41,0
DA:43,0
DA:47,0
DA:48,0
DA:49,0
DA:50,0
DA:58,0
DA:59,0
DA:60,0
DA:63,0
DA:64,0
DA:68,0
DA:69,0
DA:76,0
DA:77,0
DA:87,0
DA:88,0
DA:89,0
DA:91,0
DA:93,0
LF:34
LH:3
BRDA:14,0,0,0
BRDA:14,0,1,0
BRDA:15,1,0,0
BRDA:15,1,1,0
BRDA:16,2,0,0
BRDA:16,2,1,0
BRDA:38,3,0,0
BRDA:38,3,1,0
BRDA:39,4,0,0
BRDA:39,4,1,0
BRDA:40,5,0,0
BRDA:40,5,1,0
BRDA:58,6,0,0
BRDA:58,6,1,0
BRDA:87,7,0,0
BRDA:87,7,1,0
BRDA:88,8,0,0
BRDA:88,8,1,0
BRF:18
BRH:0
end_of_record
TN:
SF:/Users/murtadha/Library/Mobile Documents/com~apple~CloudDocs/Murtadha/SKOLAN/KTH2020 Ingenjör /KTH Högskoleingenjörsdatateknik, Kista/År 2/II1302Projekt och projektmetoder/Morse-Mate/II1302/homepage/src/backend/Utility/MessageCheck.js
FN:10,(anonymous_0)
FN:12,(anonymous_1)
FN:20,(anonymous_2)
FN:22,(anonymous_3)
FNF:4
FNH:0
FNDA:0,(anonymous_0)
FNDA:0,(anonymous_1)
FNDA:0,(anonymous_2)
FNDA:0,(anonymous_3)
DA:10,1
DA:11,0
DA:12,0
DA:13,0
DA:14,0
DA:17,0
DA:20,1
DA:21,0
DA:22,0
DA:23,0
DA:24,0
DA:26,0
LF:12
LH:2
BRDA:13,0,0,0
BRDA:13,0,1,0
BRDA:23,1,0,0
BRDA:23,1,1,0
BRF:4
BRH:0
end_of_record
TN:
SF:/Users/murtadha/Library/Mobile Documents/com~apple~CloudDocs/Murtadha/SKOLAN/KTH2020 Ingenjör /KTH Högskoleingenjörsdatateknik, Kista/År 2/II1302Projekt och projektmetoder/Morse-Mate/II1302/homepage/src/backend/Utility/MorseAlphabet.js
FNF:0
FNH:0
DA:1,1
LF:1
LH:1
BRF:0
BRH:0
end_of_record
TN:
SF:/Users/murtadha/Library/Mobile Documents/com~apple~CloudDocs/Murtadha/SKOLAN/KTH2020 Ingenjör /KTH Högskoleingenjörsdatateknik, Kista/År 2/II1302Projekt och projektmetoder/Morse-Mate/II1302/homepage/src/backend/Utility/MorseTranslator.js
FN:6,(anonymous_0)
FN:10,(anonymous_1)
FN:24,(anonymous_2)
FN:26,(anonymous_3)
FNF:4
FNH:0
FNDA:0,(anonymous_0)
FNDA:0,(anonymous_1)
FNDA:0,(anonymous_2)
FNDA:0,(anonymous_3)
DA:6,1
DA:10,0
DA:11,0
DA:12,0
DA:15,0
DA:24,1
DA:25,0
DA:26,0
DA:27,0
DA:29,0
LF:10
LH:2
BRDA:11,0,0,0
BRDA:11,0,1,0
BRF:2
BRH:0
end_of_record
TN:
SF:/Users/murtadha/Library/Mobile Documents/com~apple~CloudDocs/Murtadha/SKOLAN/KTH2020 Ingenjör /KTH Högskoleingenjörsdatateknik, Kista/År 2/II1302Projekt och projektmetoder/Morse-Mate/II1302/homepage/src/views/HomeView.vue
FN:114,(anonymous_0)
FN:125,(anonymous_1)
FNF:2
FNH:1
FNDA:2,(anonymous_0)
FNDA:0,(anonymous_1)
DA:110,1
DA:111,1
DA:113,1
DA:115,2
DA:126,0
DA:127,0
DA:128,0
DA:129,0
DA:132,0
DA:133,0
DA:134,0
DA:135,0
DA:138,0
DA:139,0
DA:140,0
DA:143,0
DA:144,0
LF:17
LH:4
BRDA:126,0,0,0
BRDA:126,0,1,0
BRDA:132,1,0,0
BRDA:132,1,1,0
BRDA:138,2,0,0
BRDA:138,2,1,0
BRF:6
BRH:0
end_of_record
